[mcgill] (admin) Getting non-returners
[mcgill] (admin) Requesting to concordia for non returners for 15days
[mcgill] (admin) Requesting to polytechnique for non returners for 15days
[polytechnique] (admin) Getting non-returners
[polytechnique] (admin) Requesting to concordia for non returners for 15days
[polytechnique] (admin) Requesting to mcgill for non returners for 15days
[mcgill] (admin) Getting non-returners
[mcgill] (admin) Requesting to concordia for non returners for 15days
[mcgill] (admin) Requesting to polytechnique for non returners for 15days
[mcgill] (admin) Getting non-returners
[mcgill] (admin) Requesting to concordia for non returners for 15days
[mcgill] (admin) Requesting to polytechnique for non returners for 15days
[mcgill] (admin) Getting non-returners
[mcgill] (admin) Requesting to concordia for non returners for 15days
[mcgill] (admin) Requesting to polytechnique for non returners for 15days
[mcgill] (admin) Getting non-returners
[mcgill] (admin) Requesting to concordia for non returners for 15days
[mcgill] (admin) Requesting to polytechnique for non returners for 15days
[mcgill] (admin) Getting non-returners
[mcgill] (admin) Requesting to concordia for non returners for 20days
[mcgill] (admin) Requesting to polytechnique for non returners for 20days
[mcgill] (admin) Getting non-returners
[mcgill] (admin) Requesting to concordia for non returners for 10days
[mcgill] (admin) Requesting to polytechnique for non returners for 10days
[concordia] (admin) Getting non-returners
[concordia] (admin) Requesting to mcgill for non returners for 20days
[concordia] (admin) Requesting to polytechnique for non returners for 20days
[mcgill] (admin) Getting non-returners
[mcgill] (admin) Requesting to concordia for non returners for 15days
[mcgill] (admin) Requesting to polytechnique for non returners for 15days
[mcgill] (admin) Getting non-returners
[mcgill] (admin) Requesting to concordia for non returners for 20days
[mcgill] (admin) Requesting to polytechnique for non returners for 20days
[mcgill] (admin) Getting non-returners
[mcgill] (admin) Requesting to concordia for non returners for 10days
[mcgill] (admin) Requesting to polytechnique for non returners for 10days
[mcgill] (admin) Getting non-returners
[mcgill] (admin) Requesting to concordia for non returners for 15days
[mcgill] (admin) Requesting to polytechnique for non returners for 15days
[concordia] (admin) Getting non-returners
[concordia] (admin) Requesting to mcgill for non returners for 15days
[concordia] (admin) Requesting to polytechnique for non returners for 15days
[mcgill] (admin) Getting non-returners
[mcgill] (admin) Requesting to concordia for non returners for 15days
[mcgill] (admin) Requesting to polytechnique for non returners for 15days
[mcgill] (admin) Getting non-returners
[mcgill] (admin) Requesting to concordia for non returners for 15days
[mcgill] (admin) Requesting to polytechnique for non returners for 15days
[mcgill] (admin) Getting non-returners
[mcgill] (admin) Requesting to concordia for non returners for 15days
[mcgill] (admin) Requesting to polytechnique for non returners for 15days
