[concordia] (amirsa) Registering user
[concordia] (amirsa) Username registered
[concordia] (amirsa) Inter Reserving book X

equenceNumber:null for amirsa
[concordia] (amirsa) Authenticating
[concordia] (amirsa) Reserving book X

equenceNumber:null for amirsa
[concordia] (amirsa) Authenticating
[concordia] (amirsa) Registering user
[concordia] (amirsa) Username registered
[concordia] (amirsa) Inter Reserving book X

equenceNumber:null for amirsa
[concordia] (amirsa) Authenticating
[concordia] (amirsa) Reserving book X

equenceNumber:null for amirsa
[concordia] (amirsa) Authenticating
[concordia] (amirsa) Registering user
[concordia] (amirsa) Username registered
[concordia] (amirsa) Registering user
[concordia] (amirsa) Username registered
[concordia] (amirsa) Inter Reserving book X

mirsa:Y for amirsa
[concordia] (amirsa) Authenticating
[concordia] (amirsa) Reserving book X

mirsa:Y for amirsa
[concordia] (amirsa) Authenticating
[concordia] (amirsa) Book x

mirsa:y not found
[concordia] (amirsa) Requesting to mcgill to reserve X

mirsa:Y for amirsa
[concordia] (amirsa) NOT Found the book on mcgill!
[concordia] (amirsa) Requesting to polytechnique to reserve X

mirsa:Y for amirsa
[concordia] (amirsa) NOT Found the book on polytechnique!
[concordia] (amirsa) NOT Found the book
[concordia] (amirsa) Inter Reserving book alskdjalskd
rsa
equenceNumber:lsakdjlfaksd for amirsa
[concordia] (amirsa) Authenticating
[concordia] (amirsa) Reserving book alskdjalskd
rsa
equenceNumber:lsakdjlfaksd for amirsa
[concordia] (amirsa) Authenticating
[concordia] (amirsa) Book alskdjalskd
rsa
equencenumber:lsakdjlfaksd not found
[concordia] (amirsa) Requesting to mcgill to reserve alskdjalskd
rsa
equenceNumber:lsakdjlfaksd for amirsa
[concordia] (amirsa) NOT Found the book on mcgill!
[concordia] (amirsa) Requesting to polytechnique to reserve alskdjalskd
rsa
equenceNumber:lsakdjlfaksd for amirsa
[concordia] (amirsa) NOT Found the book on polytechnique!
[concordia] (amirsa) NOT Found the book
[concordia] (amirsa) Registering user
[concordia] (amirsa) Username exists
[concordia] (amirsa) Inter Reserving book X

mirsa:Y for amirsa
[concordia] (amirsa) Authenticating
[concordia] (amirsa) Reserving book X

mirsa:Y for amirsa
[concordia] (amirsa) Authenticating
[concordia] (amirsa) Book x

mirsa:y not found
[concordia] (amirsa) Requesting to mcgill to reserve X

mirsa:Y for amirsa
[concordia] (amirsa) NOT Found the book on mcgill!
[concordia] (amirsa) Requesting to polytechnique to reserve X

mirsa:Y for amirsa
[concordia] (amirsa) NOT Found the book on polytechnique!
[concordia] (amirsa) NOT Found the book
[concordia] (amirsa) Registering user
[concordia] (amirsa) Username registered
[concordia] (amirsa) Inter Reserving book X
ss
mirsa:Y for amirsa
[concordia] (amirsa) Authenticating
[concordia] (amirsa) Reserving book X
ss
mirsa:Y for amirsa
[concordia] (amirsa) Authenticating
[concordia] (amirsa) Book x
ss
mirsa:y not found
[concordia] (amirsa) Requesting to mcgill to reserve X
ss
mirsa:Y for amirsa
[concordia] (amirsa) NOT Found the book on mcgill!
[concordia] (amirsa) Requesting to polytechnique to reserve X
ss
mirsa:Y for amirsa
[concordia] (amirsa) NOT Found the book on polytechnique!
[concordia] (amirsa) NOT Found the book
[concordia] (amirsa) Registering user
[concordia] (amirsa) Username registered
[concordia] (amirsa) Inter Reserving book X:Y for amirsa
[concordia] (amirsa) Authenticating
[concordia] (amirsa) Reserving book X:Y for amirsa
[concordia] (amirsa) Authenticating
[concordia] (amirsa) Book x:y not found
[concordia] (amirsa) Requesting to mcgill to reserve X:Y for amirsa
[concordia] (amirsa) NOT Found the book on mcgill!
[concordia] (amirsa) Requesting to polytechnique to reserve X:Y for amirsa
[concordia] (amirsa) NOT Found the book on polytechnique!
[concordia] (amirsa) NOT Found the book
[concordia] (amirsa) Registering user
[concordia] (amirsa) Username registered
[concordia] (amirsa) Inter Reserving book X:Y for amirsa
[concordia] (amirsa) Authenticating
[concordia] (amirsa) Reserving book X:Y for amirsa
[concordia] (amirsa) Authenticating
[concordia] (amirsa) Book x:y not found
[concordia] (amirsa) Requesting to mcgill to reserve X:Y for amirsa
[concordia] (amirsa) NOT Found the book on mcgill!
[concordia] (amirsa) Requesting to polytechnique to reserve X:Y for amirsa
[concordia] (amirsa) NOT Found the book on polytechnique!
[concordia] (amirsa) NOT Found the book
[concordia] (amirsa) Registering user
[concordia] (amirsa) Username registered
[concordia] (amirsa) Inter Reserving book X:Y for amirsa
[concordia] (amirsa) Authenticating
[concordia] (amirsa) Reserving book X:Y for amirsa
[concordia] (amirsa) Authenticating
[concordia] (amirsa) Book x:y not found
[concordia] (amirsa) Requesting to mcgill to reserve X:Y for amirsa
[concordia] (amirsa) NOT Found the book on mcgill!
[concordia] (amirsa) Requesting to polytechnique to reserve X:Y for amirsa
[concordia] (amirsa) NOT Found the book on polytechnique!
[concordia] (amirsa) NOT Found the book
[concordia] (amirsa) Registering user
[concordia] (amirsa) Username registered
[concordia] (amirsa) Inter Reserving book X:Y for amirsa
[concordia] (amirsa) Authenticating
[concordia] (amirsa) Reserving book X:Y for amirsa
[concordia] (amirsa) Authenticating
[concordia] (amirsa) Book x:y not found
[concordia] (amirsa) Requesting to mcgill to reserve X:Y for amirsa
[concordia] (amirsa) NOT Found the book on mcgill!
[concordia] (amirsa) Requesting to polytechnique to reserve X:Y for amirsa
[concordia] (amirsa) NOT Found the book on polytechnique!
[concordia] (amirsa) NOT Found the book
[concordia] (amirsa) Registering user
[concordia] (amirsa) Username registered
[concordia] (amirsa) Inter Reserving book X:Y for amirsa
[concordia] (amirsa) Authenticating
[concordia] (amirsa) Reserving book X:Y for amirsa
[concordia] (amirsa) Authenticating
[concordia] (amirsa) Book x:y not found
[concordia] (amirsa) Requesting to mcgill to reserve X:Y for amirsa
[concordia] (amirsa) NOT Found the book on mcgill!
[concordia] (amirsa) Requesting to polytechnique to reserve X:Y for amirsa
[concordia] (amirsa) NOT Found the book on polytechnique!
[concordia] (amirsa) NOT Found the book
[concordia] (amirsa) Registering user
[concordia] (amirsa) Username registered
[concordia] (amirsa) Inter Reserving book X:Y for amirsa
[concordia] (amirsa) Authenticating
[concordia] (amirsa) Reserving book X:Y for amirsa
[concordia] (amirsa) Authenticating
[concordia] (amirsa) Book x:y not found
[concordia] (amirsa) Requesting to mcgill to reserve X:Y for amirsa
[concordia] (amirsa) NOT Found the book on mcgill!
[concordia] (amirsa) Requesting to polytechnique to reserve X:Y for amirsa
[concordia] (amirsa) NOT Found the book on polytechnique!
[concordia] (amirsa) NOT Found the book
[concordia] (amirsa) Registering user
[concordia] (amirsa) Username registered
[concordia] (amirsa) Inter Reserving book X:Y for amirsa
[concordia] (amirsa) Authenticating
[concordia] (amirsa) Reserving book X:Y for amirsa
[concordia] (amirsa) Authenticating
[concordia] (amirsa) Book x:y not found
[concordia] (amirsa) Requesting to mcgill to reserve X:Y for amirsa
[concordia] (amirsa) NOT Found the book on mcgill!
[concordia] (amirsa) Requesting to polytechnique to reserve X:Y for amirsa
[concordia] (amirsa) NOT Found the book on polytechnique!
[concordia] (amirsa) NOT Found the book
[concordia] (amirsa) Registering user
[concordia] (amirsa) Username registered
[concordia] (amirsa) Inter Reserving book X:Y for amirsa
[concordia] (amirsa) Authenticating
[concordia] (amirsa) Reserving book X:Y for amirsa
[concordia] (amirsa) Authenticating
[concordia] (amirsa) Book x:y not found
[concordia] (amirsa) Requesting to mcgill to reserve X:Y for amirsa
[concordia] (amirsa) NOT Found the book on mcgill!
[concordia] (amirsa) Requesting to polytechnique to reserve X:Y for amirsa
[concordia] (amirsa) NOT Found the book on polytechnique!
[concordia] (amirsa) NOT Found the book
[concordia] (amirsa) Registering user
[concordia] (amirsa) Username registered
[concordia] (amirsa) Inter Reserving book X:Y for amirsa
[concordia] (amirsa) Authenticating
[concordia] (amirsa) Reserving book X:Y for amirsa
[concordia] (amirsa) Authenticating
[concordia] (amirsa) Book x:y not found
[concordia] (amirsa) Requesting to mcgill to reserve X:Y for amirsa
[concordia] (amirsa) NOT Found the book on mcgill!
[concordia] (amirsa) Requesting to polytechnique to reserve X:Y for amirsa
[concordia] (amirsa) NOT Found the book on polytechnique!
[concordia] (amirsa) NOT Found the book
[concordia] (amirsa) Registering user
[concordia] (amirsa) Username registered
[concordia] (amirsa) Inter Reserving book X:Y for amirsa
[concordia] (amirsa) Authenticating
[concordia] (amirsa) Reserving book X:Y for amirsa
[concordia] (amirsa) Authenticating
[concordia] (amirsa) Book x:y not found
[concordia] (amirsa) Requesting to mcgill to reserve X:Y for amirsa
[concordia] (amirsa) NOT Found the book on mcgill!
[concordia] (amirsa) Requesting to polytechnique to reserve X:Y for amirsa
[concordia] (amirsa) NOT Found the book on polytechnique!
[concordia] (amirsa) NOT Found the book
[concordia] (amirsa) Registering user
[concordia] (amirsa) Username registered
[concordia] (amirsa) Inter Reserving book X:Y for amirsa
[concordia] (amirsa) Authenticating
[concordia] (amirsa) Reserving book X:Y for amirsa
[concordia] (amirsa) Authenticating
[concordia] (amirsa) Book x:y not found
[concordia] (amirsa) Requesting to mcgill to reserve X:Y for amirsa
[concordia] (amirsa) NOT Found the book on mcgill!
[concordia] (amirsa) Requesting to polytechnique to reserve X:Y for amirsa
[concordia] (amirsa) NOT Found the book on polytechnique!
[concordia] (amirsa) NOT Found the book
[concordia] (amirsa) Registering user
[concordia] (amirsa) Username registered
[concordia] (amirsa) Inter Reserving book X:Y for amirsa
[concordia] (amirsa) Authenticating
[concordia] (amirsa) Reserving book X:Y for amirsa
[concordia] (amirsa) Authenticating
[concordia] (amirsa) Book x:y not found
[concordia] (amirsa) Requesting to mcgill to reserve X:Y for amirsa
[concordia] (amirsa) NOT Found the book on mcgill!
[concordia] (amirsa) Requesting to polytechnique to reserve X:Y for amirsa
[concordia] (amirsa) Found the book on polytechnique! Reserving ...
[concordia] (amirsa) Added reservation X:Y##polytechnique@amirsa for user amirsa
[concordia] (amirsa) Reserving book 66:77 for amirsa
[concordia] (amirsa) Authenticating
[concordia] (amirsa) Book 66:77 not found
[concordia] (amirsa) Registering user
[concordia] (amirsa) Username registered
[concordia] (amirsa) Registering user
[concordia] (amirsa) Username registered
[concordia] (amirsa) Registering user
[concordia] (amirsa) Username registered
[concordia] (amirsa) Registering user
[concordia] (amirsa) Username registered
[concordia] (amirsa) Inter Reserving book X:Y for amirsa
[concordia] (amirsa) Authenticating
[concordia] (amirsa) Reserving book X:Y for amirsa
[concordia] (amirsa) Authenticating
[concordia] (amirsa) Book x:y not found
[concordia] (amirsa) Requesting to mcgill to reserve X:Y for amirsa
[concordia] (amirsa) NOT Found the book on mcgill!
[concordia] (amirsa) Requesting to polytechnique to reserve X:Y for amirsa
[concordia] (amirsa) Found the book on polytechnique! Reserving ...
[concordia] (amirsa) Added reservation X:Y##polytechnique@amirsa for user amirsa
[concordia] (amirsa) Inter Reserving book X:Y for amirsa
[concordia] (amirsa) Authenticating
[concordia] (amirsa) Reserving book X:Y for amirsa
[concordia] (amirsa) Authenticating
[concordia] (amirsa) Book x:y not found
[concordia] (amirsa) Requesting to mcgill to reserve X:Y for amirsa
[concordia] (amirsa) NOT Found the book on mcgill!
[concordia] (amirsa) Requesting to polytechnique to reserve X:Y for amirsa
[concordia] (amirsa) NOT Found the book on polytechnique!
[concordia] (amirsa) NOT Found the book
[concordia] (amirsa) Registering user
[concordia] (amirsa) Username registered
[concordia] (amirsa) Inter Reserving book X:Y for amirsa
[concordia] (amirsa) Authenticating
[concordia] (amirsa) Reserving book X:Y for amirsa
[concordia] (amirsa) Authenticating
[concordia] (amirsa) Book x:y not found
[concordia] (amirsa) Requesting to mcgill to reserve X:Y for amirsa
[concordia] (amirsa) NOT Found the book on mcgill!
[concordia] (amirsa) Requesting to polytechnique to reserve X:Y for amirsa
[concordia] (amirsa) Found the book on polytechnique! Reserving ...
[concordia] (amirsa) Added reservation X:Y##polytechnique@amirsa for user amirsa
[concordia] (amirsa) Registering user
[concordia] (amirsa) Username registered
[concordia] (amirsa) Inter Reserving book X:Y for amirsa
[concordia] (amirsa) Authenticating
[concordia] (amirsa) Reserving book X:Y for amirsa
[concordia] (amirsa) Authenticating
[concordia] (amirsa) Book x:y not found
[concordia] (amirsa) Requesting to mcgill to reserve X:Y for amirsa
[concordia] (amirsa) NOT Found the book on mcgill!
[concordia] (amirsa) Requesting to polytechnique to reserve X:Y for amirsa
[concordia] (amirsa) Found the book on polytechnique! Reserving ...
[concordia] (amirsa) Added reservation X:Y##polytechnique@amirsa for user amirsa
[concordia] (amirsa) Registering user
[concordia] (amirsa) Username registered
[concordia] (amirsa) Inter Reserving book X:Y for amirsa
[concordia] (amirsa) Authenticating
[concordia] (amirsa) Reserving book X:Y for amirsa
[concordia] (amirsa) Authenticating
[concordia] (amirsa) Book x:y not found
[concordia] (amirsa) Requesting to mcgill to reserve X:Y for amirsa
[concordia] (amirsa) NOT Found the book on mcgill!
[concordia] (amirsa) Requesting to polytechnique to reserve X:Y for amirsa
[concordia] (amirsa) Found the book on polytechnique! Reserving ...
[concordia] (amirsa) Added reservation X:Y##polytechnique@amirsa for user amirsa
[concordia] (amirsa) Registering user
[concordia] (amirsa) Username registered
[concordia] (amirsa) Inter Reserving book X:Y for amirsa
[concordia] (amirsa) Authenticating
[concordia] (amirsa) Reserving book X:Y for amirsa
[concordia] (amirsa) Authenticating
[concordia] (amirsa) Book x:y not found
[concordia] (amirsa) Requesting to mcgill to reserve X:Y for amirsa
[concordia] (amirsa) NOT Found the book on mcgill!
[concordia] (amirsa) Requesting to polytechnique to reserve X:Y for amirsa
[concordia] (amirsa) Found the book on polytechnique! Reserving ...
[concordia] (amirsa) Added reservation X:Y##polytechnique@amirsa for user amirsa
